Case #1: 3 
Case #2: 1 
Case #3: 1 2 
Case #4: 2 7 
Case #5: 2 20 38 56 
Case #6: 1193047 126462926 250609665 
Case #7: 10003 3930803 7851603 11772403 15693203 19614003 23534803 27455603 31376403 35297203 39218003 43138803 47059603 50980403 54901203 58822003 62742803 66663603 70584403 74505203 78426003 82346803 86267603 90188403 94109104 
Case #8: 1 2 3 
Case #9: 7059 2322099 4637139 6952179 9267219 11582259 13897299 16212339 18527379 20842419 23157459 25472499 27787539 30102579 32417619 34732659 37047699 39362739 41677779 43992819 46307776 
Case #10: 1391347936 644194093955 1286996839974 1929799585993 2572602332012 3215405078031 3858207824050 4501010570069 5143813316088 5786615756719 
Case #11: 30399297484750849 
Case #12: 1 2 3 4 5 6 7 8 9 10 11 12 13 14 15 16 17 18 19 20 21 22 23 24 25 26 27 28 29 30 31 32 33 34 35 36 37 38 39 40 41 42 43 44 45 46 47 
Case #13: 6461621320876 
Case #14: 7 49 
Case #15: 1235 56790 
Case #16: 148010253906251 
Case #17: 1 2 3 4 5 6 7 8 9 10 11 12 13 14 15 16 17 18 19 20 21 22 23 24 25 
Case #18: 1 2 3 4 5 6 7 8 9 10 11 12 13 14 15 16 17 18 19 20 21 22 23 24 25 26 27 28 29 30 31 32 33 34 35 36 37 38 39 40 41 42 43 44 45 46 47 48 
Case #19: 144115188075855873 
Case #20: 68719476737 
Case #21: 406305578458 110108811761948 219811317944625 
Case #22: 1025 
Case #23: 1 2 3 4 
Case #24: 8467 3056243 6104019 9151795 12199571 15247347 18295123 21342899 24390675 27438451 30486227 33534003 36581779 39629555 42677331 45725107 48772883 51820659 54868435 57916211 60963987 64011763 67059448 
Case #25: 1 
Case #26: 1579343821669 769140441152398 1536701538483127 2304262635813856 3071823733144585 3839384830475314 4521632646093751 
Case #27: 1 2 3 4 5 6 7 8 9 10 11 12 13 14 15 16 17 18 19 20 21 22 23 24 25 26 
Case #28: 2 12 
Case #29: 1989806191 990923482670 1979857159149 2968790835628 3957724512107 4946658188586 5935591865065 6924525541544 7913459218023 8902392894502 9889364017153 
Case #30: 1 
Case #31: 623749 57384866 
Case #32: 241922298543 89511250460622 178780578622701 268049906784780 357319234870921 
Case #33: 83385908498332846 
Case #34: 2 30 58 86 114 142 157 
Case #35: 1811939329 
Case #36: 6 
Case #37: 1 
Case #38: 16 
Case #39: 12354557878 2112629396725 
Case #40: 268822560488 170164680788336 340060539016184 509956397244032 679852255471880 849748113699728 1019643971927576 1189539830155424 1359435688383272 1529331546611120 
Case #41: 1 
Case #42: 1 
Case #43: 66 12165 24264 36363 48462 60561 72660 84759 96858 108957 121056 133155 145254 157353 169452 181551 193650 205749 217848 229947 242046 
Case #44: 53252031389 25614227097693 51175202163997 76736177230301 102297152296605 127858127362909 153419102429213 178980077264691 
Case #45: 866826 151694412 302521998 453349584 604177170 
Case #46: 2 146 290 434 578 722 866 1010 1154 1298 1442 1586 1730 1874 2018 2162 2306 2450 2594 2738 2882 3026 3170 3314 3458 3602 3746 3890 4034 4178 4322 4466 4610 4754 4898 4971 
Case #47: 1 2 3 4 5 6 7 8 9 10 11 12 13 14 15 16 17 18 19 20 21 22 23 24 25 26 27 28 29 30 
Case #48: 4097 
Case #49: 1 2 3 4 5 6 7 8 9 10 11 12 13 14 15 16 17 18 19 20 21 22 23 24 25 26 27 28 29 30 31 32 33 34 35 36 37 38 39 40 41 42 43 44 45 46 47 48 49 50 51 52 53 54 55 56 57 58 59 60 61 62 63 64 65 66 67 68 69 70 71 72 73 74 75 76 
Case #50: 1 
Case #51: 885736 
Case #52: 28231640996006 9344673169677777 18661114698358555 
Case #53: 102030405060709 91011121314151618 181920212223242527 272829303132333436 363738394041424345 454647484950515254 545556575859606163 636465666768697072 727374757677787981 818283848586878890 909192939495969799 990000000000000001 
Case #54: 3252 718488 1433724 2148960 2864196 3579432 4294668 5009904 5725140 6440376 7155612 7870848 8586084 9301320 
Case #55: 1 
Case #56: 1092 136392 271692 406992 542292 677592 812892 948192 
Case #57: 1 
Case #58: 24857812965894 11459451777276774 22894045741587654 34328639705898534 45763233670103286 
Case #59: 10204 4050608 8091012 12131416 16171820 20212224 24252628 28293032 32333436 36373840 40414244 44454648 48495052 52535456 56575860 60616264 64656668 68697072 72737476 76777880 80818284 84858688 88899092 92939496 96979900 
Case #60: 2 204 406 608 810 1012 1214 1416 1618 1820 2022 2224 2426 2628 2830 3032 3234 3436 3638 3840 4042 4244 4446 4648 4850 5052 5254 5456 5658 5860 6062 6264 6466 6668 6870 7072 7274 7476 7678 7880 8082 8284 8486 8688 8890 9092 9294 9496 9698 9900 
Case #61: 219858613104206 92120758890662017 184021659168219828 275922559353116638 
Case #62: 103 30406 60709 91012 121315 151618 181921 212224 242527 272830 303133 333436 363739 394042 424345 454648 484951 515254 545557 575860 606163 636466 666769 697072 727375 757678 787981 818284 848587 878890 909193 939496 969799 990001 
Case #63: 1 2 3 4 5 6 7 8 9 10 11 12 13 14 15 16 17 18 19 20 21 22 23 24 25 26 27 28 29 30 31 32 33 34 35 36 37 38 39 40 41 42 43 44 45 46 47 48 49 50 51 52 53 54 55 56 57 58 59 60 61 62 63 64 65 66 67 68 69 70 71 72 73 74 75 76 77 78 79 80 81 82 83 84 85 86 87 88 89 90 91 92 
Case #64: 4099 1020419 2036739 3053059 4069379 5085699 6102019 7118339 8134659 9150979 10167299 11183619 12199939 13216259 14232579 15248836 
Case #65: 628 58328 116028 173728 231428 289128 
Case #66: 2 
Case #67: 8388609 
Case #68: 16385 
Case #69: 8687205887 1963308530318 3917929854723 
Case #70: 661971111687 111831732421876 
Case #71: 99 28038 55977 83916 111855 139794 167733 195672 223611 251550 279489 307428 335367 363306 391245 419184 447123 475062 503001 530940 558879 586818 614757 642696 670635 698574 726513 754452 782391 810330 838269 866208 
Case #72: 72057594037927937 
Case #73: 2199023255553 
Case #74: 1 
Case #75: 2 132 262 392 522 652 782 912 1042 1172 1302 1432 1562 1692 1822 1952 2082 2212 2342 2472 2602 2732 2862 2992 3122 3252 3382 3512 3642 3772 3902 4032 
Case #76: 3706377605 1130445169285 2257183960965 3383922752645 4510661544286 
Case #77: 1 2 3 4 5 6 7 8 9 10 11 12 13 14 15 16 17 18 19 20 21 22 23 24 25 26 27 28 29 30 31 32 33 34 35 36 37 38 39 40 41 42 43 44 45 46 47 48 49 50 51 52 53 54 55 56 57 58 59 60 61 62 63 64 65 66 67 68 69 70 71 72 73 74 75 76 77 78 79 80 81 82 83 84 85 86 87 88 89 90 91 92 93 94 95 96 97 98 99 100 
Case #78: 7874976174 1267871158716 
Case #79: 144548726565 49580213211534 99015877696503 148451542181472 197883592887358 
Case #80: 459497298456956 
Case #81: 28 
Case #82: 1 2 3 4 5 6 7 8 9 10 11 12 13 14 15 16 17 18 19 20 21 22 23 24 25 26 27 28 29 30 31 32 33 34 35 36 37 38 39 40 41 42 43 44 45 46 47 48 49 50 51 52 53 54 55 56 57 58 59 60 61 62 63 64 65 66 67 68 69 
Case #83: 12345678900000001 
Case #84: 18412816 7088933812 14159454808 21229975804 28300496800 35371017796 42441538792 49512059788 56582580784 63653101780 70723622711 
Case #85: 222382041797 41807823746257 
Case #86: 1 
Case #87: 2 86 170 254 338 422 506 590 674 758 842 926 1010 1094 1178 1262 1346 1430 1514 1598 1641 
Case #88: 20948517275446 9447781291225796 18874614065176146 28301446839126496 37728279608497681 
Case #89: 1527969081754369 
Case #90: 799323633224 608285284882768 1215771246132312 1823257207381856 2430743168631400 3038229129880944 3645715091130488 4253201052380032 4860687013629576 5468172974879120 6075658936128664 6683144897378208 
Case #91: 5 
Case #92: 844 91904 182964 274024 365084 456144 547204 
Case #93: 15038336683837 10165915598273218 20316792859862599 30467670121451980 40618547383041361 50769424644630742 60920301906220123 71071179167809504 81222053859615745 
Case #94: 1 
Case #95: 1 2 3 4 5 6 7 8 9 10 11 12 13 14 15 16 17 18 
Case #96: 1 2 3 4 5 6 7 8 9 10 11 12 13 14 15 16 17 18 19 20 
Case #97: 1 2 3 4 5 6 7 8 9 10 11 12 
Case #98: 7597741280 2621220741320 5234843741360 7848466741400 10462089741440 13075708904193 
Case #99: 2404 454184 905964 1357744 1809524 2261304 2713084 3164864 3616644 4068424 4520204 4971984 
Case #100: 1 2 3 4 5 6 7 8 9 10 11 12 13 14 15 16 17 18 19 20 21 22 23 24 25 26 27 28 29 30 31 32 33 34 35 36 37 38 39 40 41 42 43 44 45 46 47 48 49 50 51 52 53 54 55 56 57 58 59 60 61 62 63 64 65 66 67 68 69 70 71 72 73 74 75 76 77 78 79 80 81 82 83 
