Case #1: CAB
Case #2: MJA
Case #3: OCDE
Case #4: BBAAA
Case #5: CCCABBBAB
Case #6: CCCBAABAB
Case #7: ZXCASDQWE
Case #8: ONMLKJEDCBAGHIF
Case #9: ONMICKJEBFGHDLA
Case #10: CCCCCCCCAABABBB
Case #11: DCCBAAAAAAAAB
Case #12: CCCCCAABABABBBB
Case #13: ZAYBXCWDUE
Case #14: ONLBKCEFGIJDAMH
Case #15: BAAA
Case #16: DCBAAAAAAAAAA
Case #17: CBBBBBBBBBAAAA
Case #18: Z
Case #19: WWVRMLBJNMRFDTR
Case #20: CBA
Case #21: CCCCCBAABAAAAAA
Case #22: CAB
Case #23: CCCCCBBBBBAAAAA
Case #24: AA
Case #25: ZPDJYMLRPPLNDGS
Case #26: ONEDCBAKIJHFMLG
Case #27: CCCCCCCBAAABBAB
Case #28: ZDCBA
Case #29: CBA
Case #30: CCCBBBBBAAAABAA
Case #31: ZEDCBAYXWU
Case #32: CCCCCCCAABBAABA
Case #33: BAA
Case #34: CCCCCBBBBAAAAAB
Case #35: CCCCCABBBBBAAAA
Case #36: BBA
Case #37: CCBBAAAAAAAAB
Case #38: A
Case #39: CBBBBBBAAAAAB
Case #40: CCCCCBBBBBAAAAA
Case #41: RRBAACADABA
Case #42: MMKAGFABCDEHIJL
Case #43: ZABCD
Case #44: MMALJHGABCDEFIK
Case #45: BA
Case #46: BAAA
Case #47: ONJGBCEAFDILMKH
Case #48: CCCCCBBBBBAAAAA
Case #49: BAA
Case #50: BBA
Case #51: ZDABC
Case #52: CCCCCBBBBABABBB
Case #53: CCCCCBBBBBAAAAA
Case #54: CCCCCBBBBBAAAAA
Case #55: CCCCCBBBBBAAAAA
Case #56: ZTDPGTYBQPBYKPV
Case #57: MMABCDEFGJALKIH
Case #58: BAAA
Case #59: AAA
Case #60: MMABDFHKLAJIGEC
Case #61: CCCCCCBABBBBBBB
Case #62: OGCAHKJBEIFLMND
Case #63: ZWGMNTRGPFWFLRW
Case #64: CCCCBBAAABABBBB
Case #65: ZGTSFRQBTTGXKSF
Case #66: CCBAAAAAAAAAB
Case #67: CCCCCBBBBABAAAA
Case #68: CCCCCCBAAABAABB
Case #69: BB
Case #70: CCCCCCBABAAABBB
Case #71: CCCCCBBBBBAAAAA
Case #72: BAAA
Case #73: CCCCCCCBBBABAAA
Case #74: MMJGFEDABCHIKLA
Case #75: CCCCCBBABAAABAB
Case #76: CBA
Case #77: BBB
Case #78: OMNLIJFBGEKDCHA
Case #79: MMAFHKALJIGEDCB
Case #80: CCCCCCCCCAABAAA
Case #81: ZABYCXDWEU
Case #82: DCBBBBAAABBAB
Case #83: CCCCCAAAAAAABBA
Case #84: BBBBBAAAAAAAA
Case #85: DCBAAABBCBBCA
Case #86: CCCCCABBBBBAAAA
Case #87: CCCCCAAAABBBBBA
Case #88: DCCBBBAAAAABA
Case #89: CCCBBBBAABAAABA
Case #90: ZACBA
Case #91: BAA
Case #92: ZAAAA
Case #93: BA
Case #94: CCBBBBBAAAAAA
Case #95: ZADBC
Case #96: CBA
Case #97: BBA
Case #98: OEHMKLIJGBNDCFA
Case #99: OMALKJIHBFEDCGN
Case #100: OMFAKJHIGLENDBC
