Case #1: AB AB
Case #2: AA BC B CA
Case #3: CC AB
Case #4: BB AA BC
Case #5: CC BB CC BA
Case #6: AA CC AB A BC
Case #7: CC CC AB AB
Case #8: AA BC BC B CA
Case #9: BC BC B CA
Case #10: BB AC
Case #11: BB BB AC AC
Case #12: AC AC AC A CB
Case #13: AA BC
Case #14: BB CC BA B AC
Case #15: AC AC A CB
Case #16: BC BC BC B CA
Case #17: AB AB AB AB
Case #18: CC AA CB
Case #19: AA AA BC BC
Case #20: AB AB AB A BC
Case #21: AB AB A BC
Case #22: AA BB AC
Case #23: AA BB AC A CB
Case #24: AA CC BB CA
Case #25: BB CC BA
Case #26: AA CC AB
Case #27: BB AC A CB
Case #28: AC A CB
Case #29: CC AA CB C BA
Case #30: AA CC AA CB
Case #31: AA BB AA BC
Case #32: BB AA BC B CA
Case #33: AB AB AB
Case #34: BB CC AA CB
Case #35: AB
Case #36: CC AA CC AB
Case #37: BB AA BB AC
Case #38: BC B CA
Case #39: A BC
Case #40: CC BB CA C AB
Case #41: AB A BC
Case #42: AA BB CC BA
Case #43: CC AB A BC
Case #44: CC BB CA
Case #45: AA BC BC
Case #46: BB CC BB CA
