Case #1: 15 25
Case #2: 0 0
Case #3: 81 567
Case #4: 181 244
Case #5: 0 0
Case #6: 500 500
Case #7: 100 900
Case #8: 88 228
Case #9: 88 149
Case #10: 111 278
Case #11: 103 273
Case #12: 149 484
Case #13: 181 418
Case #14: 263 411
Case #15: 125 394
Case #16: 105 326
Case #17: 247 381
Case #18: 166 410
Case #19: 114 334
Case #20: 196 466
Case #21: 117 362
Case #22: 200 361
Case #23: 223 473
Case #24: 140 354
Case #25: 124 337
Case #26: 106 444
Case #27: 108 303
Case #28: 151 346
Case #29: 101 160
Case #30: 191 459
Case #31: 130 240
Case #32: 223 399
Case #33: 126 360
Case #34: 218 496
Case #35: 172 423
Case #36: 128 401
Case #37: 192 538
Case #38: 145 450
Case #39: 180 387
Case #40: 140 330
Case #41: 137 352
Case #42: 148 299
Case #43: 138 333
Case #44: 38 147
Case #45: 169 350
Case #46: 138 331
Case #47: 177 251
Case #48: 204 492
Case #49: 235 420
Case #50: 142 384
Case #51: 211 471
Case #52: 116 324
Case #53: 90 242
Case #54: 169 371
Case #55: 162 307
Case #56: 227 431
Case #57: 141 378
Case #58: 178 335
Case #59: 147 312
Case #60: 193 447
Case #61: 218 383
Case #62: 163 485
Case #63: 138 334
Case #64: 107 332
Case #65: 184 392
Case #66: 105 393
Case #67: 149 363
Case #68: 125 257
Case #69: 112 331
Case #70: 119 364
Case #71: 186 342
Case #72: 75 495
Case #73: 126 391
Case #74: 162 325
Case #75: 124 262
Case #76: 225 399
Case #77: 78 319
Case #78: 162 298
Case #79: 192 280
Case #80: 162 421
Case #81: 135 362
Case #82: 111 341
Case #83: 237 404
Case #84: 227 405
Case #85: 100 339
Case #86: 99 363
Case #87: 261 380
Case #88: 97 275
Case #89: 83 245
Case #90: 177 368
Case #91: 105 401
Case #92: 57 196
Case #93: 146 392
Case #94: 105 260
Case #95: 200 281
Case #96: 120 368
Case #97: 109 274
Case #98: 189 473
Case #99: 145 418
Case #100: 228 458
